<?xml version="1.0" encoding="UTF-8"?>
<!-- Generated by org.testng.reporters.JUnitReportReporter -->
<testsuite skipped="0" hostname="Pankaj" name="com.testng.Search" tests="3" failures="0" timestamp="11 Mar 2023 11:04:40 GMT" time="53.759" errors="0">
  <testcase name="verifySearchWithValidProduct" time="34.022" classname="com.testng.Search"/>
  <testcase name="verifySearchWithInValidProduct" time="10.426" classname="com.testng.Search"/>
  <testcase name="verifySearchWithOUTProductName" time="9.311" classname="com.testng.Search"/>
</testsuite> <!-- com.testng.Search -->
