<?xml version="1.0" encoding="UTF-8"?>
<!-- Generated by org.testng.reporters.JUnitReportReporter -->
<testsuite skipped="0" hostname="Pankaj" name="com.testng.Refister" tests="4" failures="0" timestamp="27 Feb 2023 09:55:22 GMT" time="51.231" errors="0">
  <testcase name="verifyAccountWithoutFillingAnyDetails" time="13.773" classname="com.testng.Refister"/>
  <testcase name="verifyRegisterbyMandatoryfields" time="12.433" classname="com.testng.Refister"/>
  <testcase name="verifyRegisterWithAllfields" time="12.170" classname="com.testng.Refister"/>
  <testcase name="verifyAccountwithExistingEmailAddress" time="12.855" classname="com.testng.Refister"/>
</testsuite> <!-- com.testng.Refister -->
