<?xml version="1.0" encoding="UTF-8"?>
<!-- Generated by org.testng.reporters.JUnitReportReporter -->
<testsuite skipped="0" hostname="Pankaj" name="com.testng.Register" tests="4" failures="0" timestamp="10 Mar 2023 05:14:46 GMT" time="54.810" errors="0">
  <testcase name="verifyAccountWithoutFillingAnyDetails" time="13.418" classname="com.testng.Register"/>
  <testcase name="verifyRegisterbyMandatoryfields" time="14.853" classname="com.testng.Register"/>
  <testcase name="verifyRegisterWithAllfields" time="14.921" classname="com.testng.Register"/>
  <testcase name="verifyAccountwithExistingEmailAddress" time="11.618" classname="com.testng.Register"/>
</testsuite> <!-- com.testng.Register -->
