<?xml version="1.0" encoding="UTF-8"?>
<!-- Generated by org.testng.reporters.JUnitReportReporter -->
<testsuite skipped="0" hostname="Pankaj" name="com.testng.Login" tests="7" failures="0" timestamp="10 Mar 2023 10:59:10 GMT" time="86.807" errors="0">
  <testcase name="LoginFunctionalityWithValidCredentials" time="11.377" classname="com.testng.Login"/>
  <testcase name="LoginFunctionalityWithValidCredentials" time="11.811" classname="com.testng.Login"/>
  <testcase name="LoginFunctionalityWithValidCredentials" time="9.762" classname="com.testng.Login"/>
  <testcase name="LoginFuntionalityWithInvalidCredentials" time="11.524" classname="com.testng.Login"/>
  <testcase name="LoginWithInvalidmailAndValidpassword" time="12.071" classname="com.testng.Login"/>
  <testcase name="LoginWithValidemailAndInvalidpassword" time="18.758" classname="com.testng.Login"/>
  <testcase name="LoginWithoutProvidingCredentials" time="11.504" classname="com.testng.Login"/>
</testsuite> <!-- com.testng.Login -->
